<?xml version="1.0" encoding="UTF-8"?>
<!-- Generated by org.testng.reporters.JUnitXMLReporter -->
<testsuite hostname="DESKTOP-HRJ6L3P" name="Default test" tests="6" failures="0" timestamp="20 Jun 2020 09:54:27 GMT" time="36.873" errors="0">
  <testcase name="unthoriseduser" time="9.294" classname="package1.logintestcases"/>
  <testcase name="unthoriseduser" time="3.865" classname="package1.logintestcases"/>
  <testcase name="unthoriseduser" time="4.491" classname="package1.logintestcases"/>
  <testcase name="unthoriseduser" time="3.518" classname="package1.logintestcases"/>
  <testcase name="unthoriseduser" time="3.199" classname="package1.logintestcases"/>
  <testcase name="z_user" time="5.126" classname="package1.logintestcases"/>
</testsuite> <!-- Default test -->
