<?xml version="1.0" encoding="UTF-8"?>
<testng-results skipped="0" failed="0" total="6" passed="6">
  <reporter-output>
  </reporter-output>
  <suite name="Default suite" duration-ms="36873" started-at="2020-06-20T09:53:50Z" finished-at="2020-06-20T09:54:27Z">
    <groups>
    </groups>
    <test name="Default test" duration-ms="36873" started-at="2020-06-20T09:53:50Z" finished-at="2020-06-20T09:54:27Z">
      <class name="package1.logintestcases">
        <test-method status="PASS" signature="beforetest()[pri:0, instance:package1.logintestcases@4f94e148]" name="beforetest" is-config="true" duration-ms="7142" started-at="2020-06-20T15:23:50Z" finished-at="2020-06-20T15:23:57Z">
          <reporter-output>
          </reporter-output>
        </test-method> <!-- beforetest -->
        <test-method status="PASS" signature="unthoriseduser(java.lang.String, java.lang.String)[pri:0, instance:package1.logintestcases@4f94e148]" name="unthoriseduser" duration-ms="9294" started-at="2020-06-20T15:23:57Z" data-provider="getdata" finished-at="2020-06-20T15:24:06Z">
          <params>
            <param index="0">
              <value>
                <![CDATA[memo7@gmail.com]]>
              </value>
            </param>
            <param index="1">
              <value>
                <![CDATA[qat@1234]]>
              </value>
            </param>
          </params>
          <reporter-output>
          </reporter-output>
        </test-method> <!-- unthoriseduser -->
        <test-method status="PASS" signature="unthoriseduser(java.lang.String, java.lang.String)[pri:0, instance:package1.logintestcases@4f94e148]" name="unthoriseduser" duration-ms="3865" started-at="2020-06-20T15:24:06Z" data-provider="getdata" finished-at="2020-06-20T15:24:10Z">
          <params>
            <param index="0">
              <value>
                <![CDATA[memo8@gmail.com]]>
              </value>
            </param>
            <param index="1">
              <value>
                <![CDATA[qat@123]]>
              </value>
            </param>
          </params>
          <reporter-output>
          </reporter-output>
        </test-method> <!-- unthoriseduser -->
        <test-method status="PASS" signature="unthoriseduser(java.lang.String, java.lang.String)[pri:0, instance:package1.logintestcases@4f94e148]" name="unthoriseduser" duration-ms="4491" started-at="2020-06-20T15:24:10Z" data-provider="getdata" finished-at="2020-06-20T15:24:15Z">
          <params>
            <param index="0">
              <value>
                <![CDATA[    ]]>
              </value>
            </param>
            <param index="1">
              <value>
                <![CDATA[qat@123]]>
              </value>
            </param>
          </params>
          <reporter-output>
          </reporter-output>
        </test-method> <!-- unthoriseduser -->
        <test-method status="PASS" signature="unthoriseduser(java.lang.String, java.lang.String)[pri:0, instance:package1.logintestcases@4f94e148]" name="unthoriseduser" duration-ms="3518" started-at="2020-06-20T15:24:15Z" data-provider="getdata" finished-at="2020-06-20T15:24:18Z">
          <params>
            <param index="0">
              <value>
                <![CDATA[memo12@gmail.com]]>
              </value>
            </param>
            <param index="1">
              <value>
                <![CDATA[    ]]>
              </value>
            </param>
          </params>
          <reporter-output>
          </reporter-output>
        </test-method> <!-- unthoriseduser -->
        <test-method status="PASS" signature="unthoriseduser(java.lang.String, java.lang.String)[pri:0, instance:package1.logintestcases@4f94e148]" name="unthoriseduser" duration-ms="3199" started-at="2020-06-20T15:24:18Z" data-provider="getdata" finished-at="2020-06-20T15:24:21Z">
          <params>
            <param index="0">
              <value>
                <![CDATA[     ]]>
              </value>
            </param>
            <param index="1">
              <value>
                <![CDATA[     ]]>
              </value>
            </param>
          </params>
          <reporter-output>
          </reporter-output>
        </test-method> <!-- unthoriseduser -->
        <test-method status="PASS" signature="z_user(java.lang.String, java.lang.String)[pri:0, instance:package1.logintestcases@4f94e148]" name="z_user" duration-ms="5126" started-at="2020-06-20T15:24:21Z" data-provider="getdata1" finished-at="2020-06-20T15:24:27Z">
          <params>
            <param index="0">
              <value>
                <![CDATA[makgupta.cool@gmail.com]]>
              </value>
            </param>
            <param index="1">
              <value>
                <![CDATA[qat@123]]>
              </value>
            </param>
          </params>
          <reporter-output>
          </reporter-output>
        </test-method> <!-- z_user -->
        <test-method status="PASS" signature="teardown()[pri:0, instance:package1.logintestcases@4f94e148]" name="teardown" is-config="true" duration-ms="194" started-at="2020-06-20T15:24:27Z" finished-at="2020-06-20T15:24:27Z">
          <reporter-output>
          </reporter-output>
        </test-method> <!-- teardown -->
      </class> <!-- package1.logintestcases -->
    </test> <!-- Default test -->
  </suite> <!-- Default suite -->
</testng-results>
